<?xml version="1.0" encoding="UTF-8"?>
<testsuite name="RestfulBookerFull"
           tests="2"
           failures="0"
           errors="0"
           skipped="0"
           time="2.518">
    <properties></properties>



            <testcase
                name="postRequest"
                time="1.244"
                classname="com.tta.crud.PUTNonBDDRequest">
            </testcase>
            <testcase
                name="NonBDDStylePOSTRequest"
                time="1.274"
                classname="com.tta.crud.PUTNonBDDRequest">
            </testcase>
</testsuite>
